<?xml version="1.0" encoding="UTF-8"?>
<testng-results ignored="0" total="1" passed="1" failed="0" skipped="0">
  <reporter-output>
  </reporter-output>
  <suite started-at="2023-12-27T14:14:09 IST" name="Default suite" finished-at="2023-12-27T14:14:10 IST" duration-ms="785">
    <groups>
    </groups>
    <test started-at="2023-12-27T14:14:09 IST" name="Default test" finished-at="2023-12-27T14:14:10 IST" duration-ms="785">
      <class name="mysqlrun.fetchdata">
        <test-method signature="getData()[pri:0, instance:mysqlrun.fetchdata@5403f35f]" started-at="2023-12-27T14:14:09 IST" name="getData" finished-at="2023-12-27T14:14:10 IST" duration-ms="733" status="PASS">
          <reporter-output>
          </reporter-output>
        </test-method> <!-- getData -->
      </class> <!-- mysqlrun.fetchdata -->
    </test> <!-- Default test -->
  </suite> <!-- Default suite -->
</testng-results>
